[12:02:03] [main/INFO]: Environment: authHost='https://authserver.mojang.com', accountsHost='https://api.mojang.com', sessionHost='https://sessionserver.mojang.com', servicesHost='https://api.minecraftservices.com', name='PROD'
[12:02:03] [main/INFO]: Found new data pack file/bukkit, loading it automatically
[12:02:03] [main/INFO]: Reloading ResourceManager: Default, bukkit
[12:02:04] [Worker-Main-1/INFO]: Loaded 7 recipes
[12:02:06] [Server thread/INFO]: Starting minecraft server version 1.16.5
[12:02:06] [Server thread/INFO]: Loading properties
[12:02:06] [Server thread/INFO]: This server is running Paper version git-Paper-788 (MC: 1.16.5) (Implementing API version 1.16.5-R0.1-SNAPSHOT)
[12:02:06] [Server thread/INFO]: Using 4 threads for Netty based IO
[12:02:06] [Server thread/INFO]: Server Ping Player Sample Count: 12
[12:02:06] [Server thread/INFO]: Debug logging is disabled
[12:02:06] [Server thread/INFO]: Default game type: SURVIVAL
[12:02:06] [Server thread/INFO]: Generating keypair
[12:02:06] [Server thread/INFO]: Starting Minecraft server on *:25565
[12:02:06] [Server thread/INFO]: Using default channel type
[12:02:09] [Server thread/INFO]: Preparing level "world"
[12:02:11] [Server thread/WARN]: Unable to find spawn biome
[12:02:17] [Server thread/WARN]: Unable to find spawn biome
[12:02:19] [Server thread/WARN]: Unable to find spawn biome
[12:02:20] [Server thread/INFO]: Preparing start region for dimension minecraft:overworld
[12:02:20] [Server thread/INFO]: Time elapsed: 509 ms
[12:02:20] [Server thread/INFO]: Preparing start region for dimension minecraft:the_nether
[12:02:21] [Server thread/INFO]: Time elapsed: 281 ms
[12:02:21] [Server thread/INFO]: Preparing start region for dimension minecraft:the_end
[12:02:21] [Server thread/INFO]: Time elapsed: 274 ms
[12:02:21] [Server thread/INFO]: Running delayed init tasks
[12:02:21] [Server thread/INFO]: Done (15.247s)! For help, type "help"
[12:02:21] [Server thread/WARN]: [io.papermc.paper.util.PaperJvmChecker] ************************************************************
[12:02:21] [Server thread/WARN]: [io.papermc.paper.util.PaperJvmChecker] * WARNING - YOU ARE RUNNING AN OUTDATED VERSION OF JAVA.
[12:02:21] [Server thread/WARN]: [io.papermc.paper.util.PaperJvmChecker] * PAPER WILL STOP BEING COMPATIBLE WITH THIS VERSION OF
[12:02:21] [Server thread/WARN]: [io.papermc.paper.util.PaperJvmChecker] * JAVA WHEN MINECRAFT 1.17 IS RELEASED.
[12:02:21] [Server thread/WARN]: [io.papermc.paper.util.PaperJvmChecker] *
[12:02:21] [Server thread/WARN]: [io.papermc.paper.util.PaperJvmChecker] * Please update the version of Java you use to run Paper
[12:02:21] [Server thread/WARN]: [io.papermc.paper.util.PaperJvmChecker] * to at least Java 16. When Paper for Minecraft 1.17 is
[12:02:21] [Server thread/WARN]: [io.papermc.paper.util.PaperJvmChecker] * released support for versions of Java before 16 will
[12:02:21] [Server thread/WARN]: [io.papermc.paper.util.PaperJvmChecker] * be dropped.
[12:02:21] [Server thread/WARN]: [io.papermc.paper.util.PaperJvmChecker] *
[12:02:21] [Server thread/WARN]: [io.papermc.paper.util.PaperJvmChecker] * Current Java version: 1.8.0_301
[12:02:21] [Server thread/WARN]: [io.papermc.paper.util.PaperJvmChecker] *
[12:02:21] [Server thread/WARN]: [io.papermc.paper.util.PaperJvmChecker] * Check this forum post for more information: 
[12:02:21] [Server thread/WARN]: [io.papermc.paper.util.PaperJvmChecker] *   https://papermc.io/java16
[12:02:21] [Server thread/WARN]: [io.papermc.paper.util.PaperJvmChecker] ************************************************************
[12:02:21] [Server thread/INFO]: Timings Reset
[12:04:07] [Server thread/INFO]: Stopping the server
[12:04:07] [Server thread/INFO]: Stopping server
[12:04:07] [Server thread/INFO]: Saving players
[12:04:08] [Server thread/INFO]: Saving worlds
[12:04:08] [Server thread/INFO]: Saving chunks for level 'ServerLevel[world]'/minecraft:overworld
[12:04:09] [Server thread/INFO]: ThreadedAnvilChunkStorage (world): All chunks are saved
[12:04:09] [Server thread/INFO]: Saving chunks for level 'ServerLevel[world_nether]'/minecraft:the_nether
[12:04:10] [Server thread/INFO]: ThreadedAnvilChunkStorage (DIM-1): All chunks are saved
[12:04:10] [Server thread/INFO]: Saving chunks for level 'ServerLevel[world_the_end]'/minecraft:the_end
[12:04:11] [Server thread/INFO]: ThreadedAnvilChunkStorage (DIM1): All chunks are saved
[12:04:11] [Server thread/INFO]: ThreadedAnvilChunkStorage (world): All chunks are saved
[12:04:11] [Server thread/INFO]: ThreadedAnvilChunkStorage (DIM-1): All chunks are saved
[12:04:11] [Server thread/INFO]: ThreadedAnvilChunkStorage (DIM1): All chunks are saved
[12:04:11] [Server thread/INFO]: Flushing Chunk IO
[12:04:11] [Server thread/INFO]: Closing Thread Pool
[12:04:11] [Server thread/INFO]: Closing Server
